# Logfile created on 2014-03-01 15:17:42 -0500 by logger.rb/1.2.8
Started GET "/" at 2014-03-01 15:18:08 -0500
Detecting locale EN
Found page "Home page" [index]
  Rendered snippet footer
  Rendered liquid page template
Completed 200 OK in 2.3ms


Started GET "/about" at 2014-03-01 15:18:16 -0500
Detecting locale EN
Page not found
  Rendered snippet footer
  Rendered liquid page template
Completed 200 OK in 1.6ms


Started GET "/contact" at 2014-03-01 15:18:17 -0500
Detecting locale EN
Page not found
  Rendered snippet footer
  Rendered liquid page template
Completed 200 OK in 1.3ms


Started GET "/" at 2014-03-01 15:18:19 -0500
Detecting locale EN
Found page "Home page" [index]
  Rendered snippet footer
  Rendered liquid page template
Completed 200 OK in 1.1ms


